2024-09-05 14:18:03,834 - db_manager_logger - INFO - Database connection established.
2024-09-05 14:18:03,834 - db_manager_logger - INFO - Clearing data from Rooms and Students tables and dropping indexes...
2024-09-05 14:18:03,851 - db_manager_logger - INFO - Successfully cleared all data from the Rooms and Students tables and dropped indexes.
2024-09-05 14:18:03,851 - db_manager_logger - INFO - Inserting room data...
2024-09-05 14:18:03,855 - db_manager_logger - INFO - Successfully added 1000 room(s).
2024-09-05 14:18:03,855 - db_manager_logger - INFO - Inserting student data...
2024-09-05 14:18:03,871 - db_manager_logger - INFO - Successfully added 10000 student(s).
2024-09-05 14:18:03,871 - db_manager_logger - INFO - Creating indexes for the 'room' and 'birthday' columns in the 'Students' table...
2024-09-05 14:18:03,883 - db_manager_logger - INFO - Successfully created indexes for the 'room' and 'birthday' columns in the 'Students' table
2024-09-05 14:18:03,883 - db_manager_logger - INFO - Starting task1: Retrieving rooms and student counts...
2024-09-05 14:18:03,887 - db_manager_logger - INFO - Task1 completed successfully: Fetched 1000 records.
2024-09-05 14:18:03,887 - db_manager_logger - INFO - Starting task2: Retrieving rooms with the smallest average student age...
2024-09-05 14:18:03,895 - db_manager_logger - INFO - Task2 completed successfully: Fetched 5 records.
2024-09-05 14:18:03,895 - db_manager_logger - INFO - Starting task3: Retrieving rooms with the largest difference in student ages...
2024-09-05 14:18:03,904 - db_manager_logger - INFO - Task3 completed successfully: Fetched 5 records.
2024-09-05 14:18:03,904 - db_manager_logger - INFO - Starting task4: Retrieving rooms with students of different sexes...
2024-09-05 14:18:03,911 - db_manager_logger - INFO - Task4 completed successfully: Fetched 990 records.
2024-09-05 14:18:03,943 - db_manager_logger - INFO - Clearing data from Rooms and Students tables and dropping indexes...
2024-09-05 14:18:03,947 - db_manager_logger - INFO - Successfully cleared all data from the Rooms and Students tables and dropped indexes.
2024-09-05 14:18:03,948 - db_manager_logger - INFO - Database connection closed.
2024-09-05 14:18:16,153 - db_manager_logger - INFO - Database connection established.
2024-09-05 14:18:16,153 - db_manager_logger - INFO - Clearing data from Rooms and Students tables and dropping indexes...
2024-09-05 14:18:16,156 - db_manager_logger - INFO - Successfully cleared all data from the Rooms and Students tables and dropped indexes.
2024-09-05 14:18:16,156 - db_manager_logger - INFO - Inserting room data...
2024-09-05 14:18:16,160 - db_manager_logger - INFO - Successfully added 1000 room(s).
2024-09-05 14:18:16,160 - db_manager_logger - INFO - Inserting student data...
2024-09-05 14:18:16,175 - db_manager_logger - INFO - Successfully added 10000 student(s).
2024-09-05 14:18:16,175 - db_manager_logger - INFO - Creating indexes for the 'room' and 'birthday' columns in the 'Students' table...
2024-09-05 14:18:16,187 - db_manager_logger - INFO - Successfully created indexes for the 'room' and 'birthday' columns in the 'Students' table
2024-09-05 14:18:16,187 - db_manager_logger - INFO - Starting task1: Retrieving rooms and student counts...
2024-09-05 14:18:16,191 - db_manager_logger - INFO - Task1 completed successfully: Fetched 1000 records.
2024-09-05 14:18:16,191 - db_manager_logger - INFO - Starting task2: Retrieving rooms with the smallest average student age...
2024-09-05 14:18:16,199 - db_manager_logger - INFO - Task2 completed successfully: Fetched 5 records.
2024-09-05 14:18:16,199 - db_manager_logger - INFO - Starting task3: Retrieving rooms with the largest difference in student ages...
2024-09-05 14:18:16,207 - db_manager_logger - INFO - Task3 completed successfully: Fetched 5 records.
2024-09-05 14:18:16,207 - db_manager_logger - INFO - Starting task4: Retrieving rooms with students of different sexes...
2024-09-05 14:18:16,214 - db_manager_logger - INFO - Task4 completed successfully: Fetched 990 records.
2024-09-05 14:18:16,220 - db_manager_logger - INFO - Clearing data from Rooms and Students tables and dropping indexes...
2024-09-05 14:18:16,225 - db_manager_logger - INFO - Successfully cleared all data from the Rooms and Students tables and dropped indexes.
2024-09-05 14:18:16,226 - db_manager_logger - INFO - Database connection closed.
