2024-09-18 11:38:35,126 - main_logger - INFO - Reading input files...
2024-09-18 11:38:35,140 - main_logger - INFO - Successfully read input files.
2024-09-18 11:38:35,141 - main_logger - INFO - Ñlearing the Rooms and Students tables in database
2024-09-18 11:38:35,144 - main_logger - INFO - Inserting rooms data...
2024-09-18 11:38:35,148 - main_logger - INFO - Inserting students data...
2024-09-18 11:38:35,163 - main_logger - INFO - Creating indexes...
2024-09-18 11:38:35,174 - main_logger - INFO - Performing tasks ...
2024-09-18 11:38:35,201 - main_logger - INFO - Writing results for task 1 to XML file...
2024-09-18 11:38:35,219 - main_logger - INFO - Writing results for task 2 to XML file...
2024-09-18 11:38:35,220 - main_logger - INFO - Writing results for task 3 to XML file...
2024-09-18 11:38:35,222 - main_logger - INFO - Writing results for task 4 to XML file...
2024-09-18 11:38:35,233 - main_logger - INFO - Ñlearing the Rooms and Students tables in database
2024-09-18 11:38:53,991 - main_logger - INFO - Reading input files...
2024-09-18 11:38:54,009 - main_logger - INFO - Successfully read input files.
2024-09-18 11:38:54,010 - main_logger - INFO - Ñlearing the Rooms and Students tables in database
2024-09-18 11:38:54,020 - main_logger - INFO - Inserting rooms data...
2024-09-18 11:38:54,024 - main_logger - INFO - Inserting students data...
2024-09-18 11:38:54,039 - main_logger - INFO - Creating indexes...
2024-09-18 11:38:54,050 - main_logger - INFO - Performing tasks ...
2024-09-18 11:38:54,077 - main_logger - INFO - Writing results for task 1 to JSON file...
2024-09-18 11:38:54,079 - main_logger - INFO - Writing results for task 2 to JSON file...
2024-09-18 11:38:54,080 - main_logger - INFO - Writing results for task 3 to JSON file...
2024-09-18 11:38:54,080 - main_logger - INFO - Writing results for task 4 to JSON file...
2024-09-18 11:38:54,082 - main_logger - INFO - Ñlearing the Rooms and Students tables in database
